e:\louoskrnl.exe\drivers\storage\ata\sata\ahci\x64\debug\vc143.pdb
e:\louoskrnl.exe\drivers\storage\ata\sata\ahci\x64\debug\libahci.obj
e:\louoskrnl.exe\drivers\storage\ata\sata\ahci\x64\debug\ahci.sys
e:\louoskrnl.exe\drivers\storage\ata\sata\ahci\x64\debug\ahci.pdb
e:\louoskrnl.exe\drivers\storage\ata\sata\ahci\x64\debug\ahci\ahci.cat
e:\louoskrnl.exe\drivers\storage\ata\sata\ahci\x64\debug\ahci.inf
e:\louoskrnl.exe\drivers\storage\ata\sata\ahci\x64\debug\ahci.cer
e:\louoskrnl.exe\drivers\storage\ata\sata\ahci\x64\debug\ahci.obj
e:\louoskrnl.exe\drivers\storage\ata\sata\ahci\x64\debug\ahci.tlog\cl.command.1.tlog
e:\louoskrnl.exe\drivers\storage\ata\sata\ahci\x64\debug\ahci.tlog\cl.items.tlog
e:\louoskrnl.exe\drivers\storage\ata\sata\ahci\x64\debug\ahci.tlog\cl.read.1.tlog
e:\louoskrnl.exe\drivers\storage\ata\sata\ahci\x64\debug\ahci.tlog\cl.write.1.tlog
e:\louoskrnl.exe\drivers\storage\ata\sata\ahci\x64\debug\ahci.tlog\inf2cat-expand.10136.read.1.tlog
e:\louoskrnl.exe\drivers\storage\ata\sata\ahci\x64\debug\ahci.tlog\inf2cat-expand.10136.write.1.tlog
e:\louoskrnl.exe\drivers\storage\ata\sata\ahci\x64\debug\ahci.tlog\inf2cat-expand.10440.read.1.tlog
e:\louoskrnl.exe\drivers\storage\ata\sata\ahci\x64\debug\ahci.tlog\inf2cat-expand.10440.write.1.tlog
e:\louoskrnl.exe\drivers\storage\ata\sata\ahci\x64\debug\ahci.tlog\inf2cat-expand.10668.read.1.tlog
e:\louoskrnl.exe\drivers\storage\ata\sata\ahci\x64\debug\ahci.tlog\inf2cat-expand.10668.write.1.tlog
e:\louoskrnl.exe\drivers\storage\ata\sata\ahci\x64\debug\ahci.tlog\inf2cat-expand.10896.read.1.tlog
e:\louoskrnl.exe\drivers\storage\ata\sata\ahci\x64\debug\ahci.tlog\inf2cat-expand.10896.write.1.tlog
e:\louoskrnl.exe\drivers\storage\ata\sata\ahci\x64\debug\ahci.tlog\inf2cat-expand.11040.read.1.tlog
e:\louoskrnl.exe\drivers\storage\ata\sata\ahci\x64\debug\ahci.tlog\inf2cat-expand.11040.write.1.tlog
e:\louoskrnl.exe\drivers\storage\ata\sata\ahci\x64\debug\ahci.tlog\inf2cat-expand.11576.read.1.tlog
e:\louoskrnl.exe\drivers\storage\ata\sata\ahci\x64\debug\ahci.tlog\inf2cat-expand.11576.write.1.tlog
e:\louoskrnl.exe\drivers\storage\ata\sata\ahci\x64\debug\ahci.tlog\inf2cat-expand.11688.read.1.tlog
e:\louoskrnl.exe\drivers\storage\ata\sata\ahci\x64\debug\ahci.tlog\inf2cat-expand.11688.write.1.tlog
e:\louoskrnl.exe\drivers\storage\ata\sata\ahci\x64\debug\ahci.tlog\inf2cat-expand.12232.read.1.tlog
e:\louoskrnl.exe\drivers\storage\ata\sata\ahci\x64\debug\ahci.tlog\inf2cat-expand.12232.write.1.tlog
e:\louoskrnl.exe\drivers\storage\ata\sata\ahci\x64\debug\ahci.tlog\inf2cat-expand.13192.read.1.tlog
e:\louoskrnl.exe\drivers\storage\ata\sata\ahci\x64\debug\ahci.tlog\inf2cat-expand.13192.write.1.tlog
e:\louoskrnl.exe\drivers\storage\ata\sata\ahci\x64\debug\ahci.tlog\inf2cat-expand.13280.read.1.tlog
e:\louoskrnl.exe\drivers\storage\ata\sata\ahci\x64\debug\ahci.tlog\inf2cat-expand.13280.write.1.tlog
e:\louoskrnl.exe\drivers\storage\ata\sata\ahci\x64\debug\ahci.tlog\inf2cat-expand.13796.read.1.tlog
e:\louoskrnl.exe\drivers\storage\ata\sata\ahci\x64\debug\ahci.tlog\inf2cat-expand.13796.write.1.tlog
e:\louoskrnl.exe\drivers\storage\ata\sata\ahci\x64\debug\ahci.tlog\inf2cat-expand.13900.read.1.tlog
e:\louoskrnl.exe\drivers\storage\ata\sata\ahci\x64\debug\ahci.tlog\inf2cat-expand.13900.write.1.tlog
e:\louoskrnl.exe\drivers\storage\ata\sata\ahci\x64\debug\ahci.tlog\inf2cat-expand.14688.read.1.tlog
e:\louoskrnl.exe\drivers\storage\ata\sata\ahci\x64\debug\ahci.tlog\inf2cat-expand.14688.write.1.tlog
e:\louoskrnl.exe\drivers\storage\ata\sata\ahci\x64\debug\ahci.tlog\inf2cat-expand.15588.read.1.tlog
e:\louoskrnl.exe\drivers\storage\ata\sata\ahci\x64\debug\ahci.tlog\inf2cat-expand.15588.write.1.tlog
e:\louoskrnl.exe\drivers\storage\ata\sata\ahci\x64\debug\ahci.tlog\inf2cat-expand.15676.read.1.tlog
e:\louoskrnl.exe\drivers\storage\ata\sata\ahci\x64\debug\ahci.tlog\inf2cat-expand.15676.write.1.tlog
e:\louoskrnl.exe\drivers\storage\ata\sata\ahci\x64\debug\ahci.tlog\inf2cat-expand.15756.read.1.tlog
e:\louoskrnl.exe\drivers\storage\ata\sata\ahci\x64\debug\ahci.tlog\inf2cat-expand.15756.write.1.tlog
e:\louoskrnl.exe\drivers\storage\ata\sata\ahci\x64\debug\ahci.tlog\inf2cat-expand.16160.read.1.tlog
e:\louoskrnl.exe\drivers\storage\ata\sata\ahci\x64\debug\ahci.tlog\inf2cat-expand.16160.write.1.tlog
e:\louoskrnl.exe\drivers\storage\ata\sata\ahci\x64\debug\ahci.tlog\inf2cat-expand.19016.read.1.tlog
e:\louoskrnl.exe\drivers\storage\ata\sata\ahci\x64\debug\ahci.tlog\inf2cat-expand.19016.write.1.tlog
e:\louoskrnl.exe\drivers\storage\ata\sata\ahci\x64\debug\ahci.tlog\inf2cat-expand.19480.read.1.tlog
e:\louoskrnl.exe\drivers\storage\ata\sata\ahci\x64\debug\ahci.tlog\inf2cat-expand.19480.write.1.tlog
e:\louoskrnl.exe\drivers\storage\ata\sata\ahci\x64\debug\ahci.tlog\inf2cat-expand.19936.read.1.tlog
e:\louoskrnl.exe\drivers\storage\ata\sata\ahci\x64\debug\ahci.tlog\inf2cat-expand.19936.write.1.tlog
e:\louoskrnl.exe\drivers\storage\ata\sata\ahci\x64\debug\ahci.tlog\inf2cat-expand.19960.read.1.tlog
e:\louoskrnl.exe\drivers\storage\ata\sata\ahci\x64\debug\ahci.tlog\inf2cat-expand.19960.write.1.tlog
e:\louoskrnl.exe\drivers\storage\ata\sata\ahci\x64\debug\ahci.tlog\inf2cat-expand.21732.read.1.tlog
e:\louoskrnl.exe\drivers\storage\ata\sata\ahci\x64\debug\ahci.tlog\inf2cat-expand.21732.write.1.tlog
e:\louoskrnl.exe\drivers\storage\ata\sata\ahci\x64\debug\ahci.tlog\inf2cat-expand.21836.read.1.tlog
e:\louoskrnl.exe\drivers\storage\ata\sata\ahci\x64\debug\ahci.tlog\inf2cat-expand.21836.write.1.tlog
e:\louoskrnl.exe\drivers\storage\ata\sata\ahci\x64\debug\ahci.tlog\inf2cat-expand.22404.read.1.tlog
e:\louoskrnl.exe\drivers\storage\ata\sata\ahci\x64\debug\ahci.tlog\inf2cat-expand.22404.write.1.tlog
e:\louoskrnl.exe\drivers\storage\ata\sata\ahci\x64\debug\ahci.tlog\inf2cat-expand.22976.read.1.tlog
e:\louoskrnl.exe\drivers\storage\ata\sata\ahci\x64\debug\ahci.tlog\inf2cat-expand.22976.write.1.tlog
e:\louoskrnl.exe\drivers\storage\ata\sata\ahci\x64\debug\ahci.tlog\inf2cat-expand.2320.read.1.tlog
e:\louoskrnl.exe\drivers\storage\ata\sata\ahci\x64\debug\ahci.tlog\inf2cat-expand.2320.write.1.tlog
e:\louoskrnl.exe\drivers\storage\ata\sata\ahci\x64\debug\ahci.tlog\inf2cat-expand.24520.read.1.tlog
e:\louoskrnl.exe\drivers\storage\ata\sata\ahci\x64\debug\ahci.tlog\inf2cat-expand.24520.write.1.tlog
e:\louoskrnl.exe\drivers\storage\ata\sata\ahci\x64\debug\ahci.tlog\inf2cat-expand.24620.read.1.tlog
e:\louoskrnl.exe\drivers\storage\ata\sata\ahci\x64\debug\ahci.tlog\inf2cat-expand.24620.write.1.tlog
e:\louoskrnl.exe\drivers\storage\ata\sata\ahci\x64\debug\ahci.tlog\inf2cat-expand.24880.read.1.tlog
e:\louoskrnl.exe\drivers\storage\ata\sata\ahci\x64\debug\ahci.tlog\inf2cat-expand.24880.write.1.tlog
e:\louoskrnl.exe\drivers\storage\ata\sata\ahci\x64\debug\ahci.tlog\inf2cat-expand.25120.read.1.tlog
e:\louoskrnl.exe\drivers\storage\ata\sata\ahci\x64\debug\ahci.tlog\inf2cat-expand.25120.write.1.tlog
e:\louoskrnl.exe\drivers\storage\ata\sata\ahci\x64\debug\ahci.tlog\inf2cat-expand.25324.read.1.tlog
e:\louoskrnl.exe\drivers\storage\ata\sata\ahci\x64\debug\ahci.tlog\inf2cat-expand.25324.write.1.tlog
e:\louoskrnl.exe\drivers\storage\ata\sata\ahci\x64\debug\ahci.tlog\inf2cat-expand.25696.read.1.tlog
e:\louoskrnl.exe\drivers\storage\ata\sata\ahci\x64\debug\ahci.tlog\inf2cat-expand.25696.write.1.tlog
e:\louoskrnl.exe\drivers\storage\ata\sata\ahci\x64\debug\ahci.tlog\inf2cat-expand.25940.read.1.tlog
e:\louoskrnl.exe\drivers\storage\ata\sata\ahci\x64\debug\ahci.tlog\inf2cat-expand.25940.write.1.tlog
e:\louoskrnl.exe\drivers\storage\ata\sata\ahci\x64\debug\ahci.tlog\inf2cat-expand.2600.read.1.tlog
e:\louoskrnl.exe\drivers\storage\ata\sata\ahci\x64\debug\ahci.tlog\inf2cat-expand.2600.write.1.tlog
e:\louoskrnl.exe\drivers\storage\ata\sata\ahci\x64\debug\ahci.tlog\inf2cat-expand.26236.read.1.tlog
e:\louoskrnl.exe\drivers\storage\ata\sata\ahci\x64\debug\ahci.tlog\inf2cat-expand.26236.write.1.tlog
e:\louoskrnl.exe\drivers\storage\ata\sata\ahci\x64\debug\ahci.tlog\inf2cat-expand.26532.read.1.tlog
e:\louoskrnl.exe\drivers\storage\ata\sata\ahci\x64\debug\ahci.tlog\inf2cat-expand.26532.write.1.tlog
e:\louoskrnl.exe\drivers\storage\ata\sata\ahci\x64\debug\ahci.tlog\inf2cat-expand.27060.read.1.tlog
e:\louoskrnl.exe\drivers\storage\ata\sata\ahci\x64\debug\ahci.tlog\inf2cat-expand.27060.write.1.tlog
e:\louoskrnl.exe\drivers\storage\ata\sata\ahci\x64\debug\ahci.tlog\inf2cat-expand.27516.read.1.tlog
e:\louoskrnl.exe\drivers\storage\ata\sata\ahci\x64\debug\ahci.tlog\inf2cat-expand.27516.write.1.tlog
e:\louoskrnl.exe\drivers\storage\ata\sata\ahci\x64\debug\ahci.tlog\inf2cat-expand.27672.read.1.tlog
e:\louoskrnl.exe\drivers\storage\ata\sata\ahci\x64\debug\ahci.tlog\inf2cat-expand.27672.write.1.tlog
e:\louoskrnl.exe\drivers\storage\ata\sata\ahci\x64\debug\ahci.tlog\inf2cat-expand.27796.read.1.tlog
e:\louoskrnl.exe\drivers\storage\ata\sata\ahci\x64\debug\ahci.tlog\inf2cat-expand.27796.write.1.tlog
e:\louoskrnl.exe\drivers\storage\ata\sata\ahci\x64\debug\ahci.tlog\inf2cat-expand.2808.read.1.tlog
e:\louoskrnl.exe\drivers\storage\ata\sata\ahci\x64\debug\ahci.tlog\inf2cat-expand.2808.write.1.tlog
e:\louoskrnl.exe\drivers\storage\ata\sata\ahci\x64\debug\ahci.tlog\inf2cat-expand.28200.read.1.tlog
e:\louoskrnl.exe\drivers\storage\ata\sata\ahci\x64\debug\ahci.tlog\inf2cat-expand.28200.write.1.tlog
e:\louoskrnl.exe\drivers\storage\ata\sata\ahci\x64\debug\ahci.tlog\inf2cat-expand.28856.read.1.tlog
e:\louoskrnl.exe\drivers\storage\ata\sata\ahci\x64\debug\ahci.tlog\inf2cat-expand.28856.write.1.tlog
e:\louoskrnl.exe\drivers\storage\ata\sata\ahci\x64\debug\ahci.tlog\inf2cat-expand.29024.read.1.tlog
e:\louoskrnl.exe\drivers\storage\ata\sata\ahci\x64\debug\ahci.tlog\inf2cat-expand.29024.write.1.tlog
e:\louoskrnl.exe\drivers\storage\ata\sata\ahci\x64\debug\ahci.tlog\inf2cat-expand.29596.read.1.tlog
e:\louoskrnl.exe\drivers\storage\ata\sata\ahci\x64\debug\ahci.tlog\inf2cat-expand.29596.write.1.tlog
e:\louoskrnl.exe\drivers\storage\ata\sata\ahci\x64\debug\ahci.tlog\inf2cat-expand.29892.read.1.tlog
e:\louoskrnl.exe\drivers\storage\ata\sata\ahci\x64\debug\ahci.tlog\inf2cat-expand.29892.write.1.tlog
e:\louoskrnl.exe\drivers\storage\ata\sata\ahci\x64\debug\ahci.tlog\inf2cat-expand.31580.read.1.tlog
e:\louoskrnl.exe\drivers\storage\ata\sata\ahci\x64\debug\ahci.tlog\inf2cat-expand.31580.write.1.tlog
e:\louoskrnl.exe\drivers\storage\ata\sata\ahci\x64\debug\ahci.tlog\inf2cat-expand.32084.read.1.tlog
e:\louoskrnl.exe\drivers\storage\ata\sata\ahci\x64\debug\ahci.tlog\inf2cat-expand.32084.write.1.tlog
e:\louoskrnl.exe\drivers\storage\ata\sata\ahci\x64\debug\ahci.tlog\inf2cat-expand.32664.read.1.tlog
e:\louoskrnl.exe\drivers\storage\ata\sata\ahci\x64\debug\ahci.tlog\inf2cat-expand.32664.write.1.tlog
e:\louoskrnl.exe\drivers\storage\ata\sata\ahci\x64\debug\ahci.tlog\inf2cat-expand.32772.read.1.tlog
e:\louoskrnl.exe\drivers\storage\ata\sata\ahci\x64\debug\ahci.tlog\inf2cat-expand.32772.write.1.tlog
e:\louoskrnl.exe\drivers\storage\ata\sata\ahci\x64\debug\ahci.tlog\inf2cat-expand.33528.read.1.tlog
e:\louoskrnl.exe\drivers\storage\ata\sata\ahci\x64\debug\ahci.tlog\inf2cat-expand.33528.write.1.tlog
e:\louoskrnl.exe\drivers\storage\ata\sata\ahci\x64\debug\ahci.tlog\inf2cat-expand.33864.read.1.tlog
e:\louoskrnl.exe\drivers\storage\ata\sata\ahci\x64\debug\ahci.tlog\inf2cat-expand.33864.write.1.tlog
e:\louoskrnl.exe\drivers\storage\ata\sata\ahci\x64\debug\ahci.tlog\inf2cat-expand.33996.read.1.tlog
e:\louoskrnl.exe\drivers\storage\ata\sata\ahci\x64\debug\ahci.tlog\inf2cat-expand.33996.write.1.tlog
e:\louoskrnl.exe\drivers\storage\ata\sata\ahci\x64\debug\ahci.tlog\inf2cat-expand.34044.read.1.tlog
e:\louoskrnl.exe\drivers\storage\ata\sata\ahci\x64\debug\ahci.tlog\inf2cat-expand.34044.write.1.tlog
e:\louoskrnl.exe\drivers\storage\ata\sata\ahci\x64\debug\ahci.tlog\inf2cat-expand.34320.read.1.tlog
e:\louoskrnl.exe\drivers\storage\ata\sata\ahci\x64\debug\ahci.tlog\inf2cat-expand.34320.write.1.tlog
e:\louoskrnl.exe\drivers\storage\ata\sata\ahci\x64\debug\ahci.tlog\inf2cat-expand.34528.read.1.tlog
e:\louoskrnl.exe\drivers\storage\ata\sata\ahci\x64\debug\ahci.tlog\inf2cat-expand.34528.write.1.tlog
e:\louoskrnl.exe\drivers\storage\ata\sata\ahci\x64\debug\ahci.tlog\inf2cat-expand.34780.read.1.tlog
e:\louoskrnl.exe\drivers\storage\ata\sata\ahci\x64\debug\ahci.tlog\inf2cat-expand.34780.write.1.tlog
e:\louoskrnl.exe\drivers\storage\ata\sata\ahci\x64\debug\ahci.tlog\inf2cat-expand.34796.read.1.tlog
e:\louoskrnl.exe\drivers\storage\ata\sata\ahci\x64\debug\ahci.tlog\inf2cat-expand.34796.write.1.tlog
e:\louoskrnl.exe\drivers\storage\ata\sata\ahci\x64\debug\ahci.tlog\inf2cat-expand.34820.read.1.tlog
e:\louoskrnl.exe\drivers\storage\ata\sata\ahci\x64\debug\ahci.tlog\inf2cat-expand.34820.write.1.tlog
e:\louoskrnl.exe\drivers\storage\ata\sata\ahci\x64\debug\ahci.tlog\inf2cat-expand.34884.read.1.tlog
e:\louoskrnl.exe\drivers\storage\ata\sata\ahci\x64\debug\ahci.tlog\inf2cat-expand.34884.write.1.tlog
e:\louoskrnl.exe\drivers\storage\ata\sata\ahci\x64\debug\ahci.tlog\inf2cat-expand.35056.read.1.tlog
e:\louoskrnl.exe\drivers\storage\ata\sata\ahci\x64\debug\ahci.tlog\inf2cat-expand.35056.write.1.tlog
e:\louoskrnl.exe\drivers\storage\ata\sata\ahci\x64\debug\ahci.tlog\inf2cat-expand.35756.read.1.tlog
e:\louoskrnl.exe\drivers\storage\ata\sata\ahci\x64\debug\ahci.tlog\inf2cat-expand.35756.write.1.tlog
e:\louoskrnl.exe\drivers\storage\ata\sata\ahci\x64\debug\ahci.tlog\inf2cat-expand.36096.read.1.tlog
e:\louoskrnl.exe\drivers\storage\ata\sata\ahci\x64\debug\ahci.tlog\inf2cat-expand.36096.write.1.tlog
e:\louoskrnl.exe\drivers\storage\ata\sata\ahci\x64\debug\ahci.tlog\inf2cat-expand.36136.read.1.tlog
e:\louoskrnl.exe\drivers\storage\ata\sata\ahci\x64\debug\ahci.tlog\inf2cat-expand.36136.write.1.tlog
e:\louoskrnl.exe\drivers\storage\ata\sata\ahci\x64\debug\ahci.tlog\inf2cat-expand.36236.read.1.tlog
e:\louoskrnl.exe\drivers\storage\ata\sata\ahci\x64\debug\ahci.tlog\inf2cat-expand.36236.write.1.tlog
e:\louoskrnl.exe\drivers\storage\ata\sata\ahci\x64\debug\ahci.tlog\inf2cat-expand.36392.read.1.tlog
e:\louoskrnl.exe\drivers\storage\ata\sata\ahci\x64\debug\ahci.tlog\inf2cat-expand.36392.write.1.tlog
e:\louoskrnl.exe\drivers\storage\ata\sata\ahci\x64\debug\ahci.tlog\inf2cat-expand.36452.read.1.tlog
e:\louoskrnl.exe\drivers\storage\ata\sata\ahci\x64\debug\ahci.tlog\inf2cat-expand.36452.write.1.tlog
e:\louoskrnl.exe\drivers\storage\ata\sata\ahci\x64\debug\ahci.tlog\inf2cat-expand.36664.read.1.tlog
e:\louoskrnl.exe\drivers\storage\ata\sata\ahci\x64\debug\ahci.tlog\inf2cat-expand.36664.write.1.tlog
e:\louoskrnl.exe\drivers\storage\ata\sata\ahci\x64\debug\ahci.tlog\inf2cat-expand.36736.read.1.tlog
e:\louoskrnl.exe\drivers\storage\ata\sata\ahci\x64\debug\ahci.tlog\inf2cat-expand.36736.write.1.tlog
e:\louoskrnl.exe\drivers\storage\ata\sata\ahci\x64\debug\ahci.tlog\inf2cat-expand.37144.read.1.tlog
e:\louoskrnl.exe\drivers\storage\ata\sata\ahci\x64\debug\ahci.tlog\inf2cat-expand.37144.write.1.tlog
e:\louoskrnl.exe\drivers\storage\ata\sata\ahci\x64\debug\ahci.tlog\inf2cat-expand.37268.read.1.tlog
e:\louoskrnl.exe\drivers\storage\ata\sata\ahci\x64\debug\ahci.tlog\inf2cat-expand.37268.write.1.tlog
e:\louoskrnl.exe\drivers\storage\ata\sata\ahci\x64\debug\ahci.tlog\inf2cat-expand.37392.read.1.tlog
e:\louoskrnl.exe\drivers\storage\ata\sata\ahci\x64\debug\ahci.tlog\inf2cat-expand.37392.write.1.tlog
e:\louoskrnl.exe\drivers\storage\ata\sata\ahci\x64\debug\ahci.tlog\inf2cat-expand.37564.read.1.tlog
e:\louoskrnl.exe\drivers\storage\ata\sata\ahci\x64\debug\ahci.tlog\inf2cat-expand.37564.write.1.tlog
e:\louoskrnl.exe\drivers\storage\ata\sata\ahci\x64\debug\ahci.tlog\inf2cat-expand.37572.read.1.tlog
e:\louoskrnl.exe\drivers\storage\ata\sata\ahci\x64\debug\ahci.tlog\inf2cat-expand.37572.write.1.tlog
e:\louoskrnl.exe\drivers\storage\ata\sata\ahci\x64\debug\ahci.tlog\inf2cat-expand.37612.read.1.tlog
e:\louoskrnl.exe\drivers\storage\ata\sata\ahci\x64\debug\ahci.tlog\inf2cat-expand.37612.write.1.tlog
e:\louoskrnl.exe\drivers\storage\ata\sata\ahci\x64\debug\ahci.tlog\inf2cat-expand.37664.read.1.tlog
e:\louoskrnl.exe\drivers\storage\ata\sata\ahci\x64\debug\ahci.tlog\inf2cat-expand.37664.write.1.tlog
e:\louoskrnl.exe\drivers\storage\ata\sata\ahci\x64\debug\ahci.tlog\inf2cat-expand.37812.read.1.tlog
e:\louoskrnl.exe\drivers\storage\ata\sata\ahci\x64\debug\ahci.tlog\inf2cat-expand.37812.write.1.tlog
e:\louoskrnl.exe\drivers\storage\ata\sata\ahci\x64\debug\ahci.tlog\inf2cat-expand.37848.read.1.tlog
e:\louoskrnl.exe\drivers\storage\ata\sata\ahci\x64\debug\ahci.tlog\inf2cat-expand.37848.write.1.tlog
e:\louoskrnl.exe\drivers\storage\ata\sata\ahci\x64\debug\ahci.tlog\inf2cat-expand.37860.read.1.tlog
e:\louoskrnl.exe\drivers\storage\ata\sata\ahci\x64\debug\ahci.tlog\inf2cat-expand.37860.write.1.tlog
e:\louoskrnl.exe\drivers\storage\ata\sata\ahci\x64\debug\ahci.tlog\inf2cat-expand.38000.read.1.tlog
e:\louoskrnl.exe\drivers\storage\ata\sata\ahci\x64\debug\ahci.tlog\inf2cat-expand.38000.write.1.tlog
e:\louoskrnl.exe\drivers\storage\ata\sata\ahci\x64\debug\ahci.tlog\inf2cat-expand.38020.read.1.tlog
e:\louoskrnl.exe\drivers\storage\ata\sata\ahci\x64\debug\ahci.tlog\inf2cat-expand.38020.write.1.tlog
e:\louoskrnl.exe\drivers\storage\ata\sata\ahci\x64\debug\ahci.tlog\inf2cat-expand.38140.read.1.tlog
e:\louoskrnl.exe\drivers\storage\ata\sata\ahci\x64\debug\ahci.tlog\inf2cat-expand.38140.write.1.tlog
e:\louoskrnl.exe\drivers\storage\ata\sata\ahci\x64\debug\ahci.tlog\inf2cat-expand.38668.read.1.tlog
e:\louoskrnl.exe\drivers\storage\ata\sata\ahci\x64\debug\ahci.tlog\inf2cat-expand.38668.write.1.tlog
e:\louoskrnl.exe\drivers\storage\ata\sata\ahci\x64\debug\ahci.tlog\inf2cat-expand.38748.read.1.tlog
e:\louoskrnl.exe\drivers\storage\ata\sata\ahci\x64\debug\ahci.tlog\inf2cat-expand.38748.write.1.tlog
e:\louoskrnl.exe\drivers\storage\ata\sata\ahci\x64\debug\ahci.tlog\inf2cat-expand.38908.read.1.tlog
e:\louoskrnl.exe\drivers\storage\ata\sata\ahci\x64\debug\ahci.tlog\inf2cat-expand.38908.write.1.tlog
e:\louoskrnl.exe\drivers\storage\ata\sata\ahci\x64\debug\ahci.tlog\inf2cat-expand.39304.read.1.tlog
e:\louoskrnl.exe\drivers\storage\ata\sata\ahci\x64\debug\ahci.tlog\inf2cat-expand.39304.write.1.tlog
e:\louoskrnl.exe\drivers\storage\ata\sata\ahci\x64\debug\ahci.tlog\inf2cat-expand.39484.read.1.tlog
e:\louoskrnl.exe\drivers\storage\ata\sata\ahci\x64\debug\ahci.tlog\inf2cat-expand.39484.write.1.tlog
e:\louoskrnl.exe\drivers\storage\ata\sata\ahci\x64\debug\ahci.tlog\inf2cat-expand.39496.read.1.tlog
e:\louoskrnl.exe\drivers\storage\ata\sata\ahci\x64\debug\ahci.tlog\inf2cat-expand.39496.write.1.tlog
e:\louoskrnl.exe\drivers\storage\ata\sata\ahci\x64\debug\ahci.tlog\inf2cat-expand.39600.read.1.tlog
e:\louoskrnl.exe\drivers\storage\ata\sata\ahci\x64\debug\ahci.tlog\inf2cat-expand.39600.write.1.tlog
e:\louoskrnl.exe\drivers\storage\ata\sata\ahci\x64\debug\ahci.tlog\inf2cat-expand.39752.read.1.tlog
e:\louoskrnl.exe\drivers\storage\ata\sata\ahci\x64\debug\ahci.tlog\inf2cat-expand.39752.write.1.tlog
e:\louoskrnl.exe\drivers\storage\ata\sata\ahci\x64\debug\ahci.tlog\inf2cat-expand.39860.read.1.tlog
e:\louoskrnl.exe\drivers\storage\ata\sata\ahci\x64\debug\ahci.tlog\inf2cat-expand.39860.write.1.tlog
e:\louoskrnl.exe\drivers\storage\ata\sata\ahci\x64\debug\ahci.tlog\inf2cat-expand.39940.read.1.tlog
e:\louoskrnl.exe\drivers\storage\ata\sata\ahci\x64\debug\ahci.tlog\inf2cat-expand.39940.write.1.tlog
e:\louoskrnl.exe\drivers\storage\ata\sata\ahci\x64\debug\ahci.tlog\inf2cat-expand.40072.read.1.tlog
e:\louoskrnl.exe\drivers\storage\ata\sata\ahci\x64\debug\ahci.tlog\inf2cat-expand.40072.write.1.tlog
e:\louoskrnl.exe\drivers\storage\ata\sata\ahci\x64\debug\ahci.tlog\inf2cat-expand.40080.read.1.tlog
e:\louoskrnl.exe\drivers\storage\ata\sata\ahci\x64\debug\ahci.tlog\inf2cat-expand.40080.write.1.tlog
e:\louoskrnl.exe\drivers\storage\ata\sata\ahci\x64\debug\ahci.tlog\inf2cat-expand.40476.read.1.tlog
e:\louoskrnl.exe\drivers\storage\ata\sata\ahci\x64\debug\ahci.tlog\inf2cat-expand.40476.write.1.tlog
e:\louoskrnl.exe\drivers\storage\ata\sata\ahci\x64\debug\ahci.tlog\inf2cat-expand.40772.read.1.tlog
e:\louoskrnl.exe\drivers\storage\ata\sata\ahci\x64\debug\ahci.tlog\inf2cat-expand.40772.write.1.tlog
e:\louoskrnl.exe\drivers\storage\ata\sata\ahci\x64\debug\ahci.tlog\inf2cat-expand.40880.read.1.tlog
e:\louoskrnl.exe\drivers\storage\ata\sata\ahci\x64\debug\ahci.tlog\inf2cat-expand.40880.write.1.tlog
e:\louoskrnl.exe\drivers\storage\ata\sata\ahci\x64\debug\ahci.tlog\inf2cat-expand.41024.read.1.tlog
e:\louoskrnl.exe\drivers\storage\ata\sata\ahci\x64\debug\ahci.tlog\inf2cat-expand.41024.write.1.tlog
e:\louoskrnl.exe\drivers\storage\ata\sata\ahci\x64\debug\ahci.tlog\inf2cat-expand.41720.read.1.tlog
e:\louoskrnl.exe\drivers\storage\ata\sata\ahci\x64\debug\ahci.tlog\inf2cat-expand.41720.write.1.tlog
e:\louoskrnl.exe\drivers\storage\ata\sata\ahci\x64\debug\ahci.tlog\inf2cat-expand.41788.read.1.tlog
e:\louoskrnl.exe\drivers\storage\ata\sata\ahci\x64\debug\ahci.tlog\inf2cat-expand.41788.write.1.tlog
e:\louoskrnl.exe\drivers\storage\ata\sata\ahci\x64\debug\ahci.tlog\inf2cat-expand.42712.read.1.tlog
e:\louoskrnl.exe\drivers\storage\ata\sata\ahci\x64\debug\ahci.tlog\inf2cat-expand.42712.write.1.tlog
e:\louoskrnl.exe\drivers\storage\ata\sata\ahci\x64\debug\ahci.tlog\inf2cat-expand.43156.read.1.tlog
e:\louoskrnl.exe\drivers\storage\ata\sata\ahci\x64\debug\ahci.tlog\inf2cat-expand.43156.write.1.tlog
e:\louoskrnl.exe\drivers\storage\ata\sata\ahci\x64\debug\ahci.tlog\inf2cat-expand.43648.read.1.tlog
e:\louoskrnl.exe\drivers\storage\ata\sata\ahci\x64\debug\ahci.tlog\inf2cat-expand.43648.write.1.tlog
e:\louoskrnl.exe\drivers\storage\ata\sata\ahci\x64\debug\ahci.tlog\inf2cat-expand.43784.read.1.tlog
e:\louoskrnl.exe\drivers\storage\ata\sata\ahci\x64\debug\ahci.tlog\inf2cat-expand.43784.write.1.tlog
e:\louoskrnl.exe\drivers\storage\ata\sata\ahci\x64\debug\ahci.tlog\inf2cat-expand.44596.read.1.tlog
e:\louoskrnl.exe\drivers\storage\ata\sata\ahci\x64\debug\ahci.tlog\inf2cat-expand.44596.write.1.tlog
e:\louoskrnl.exe\drivers\storage\ata\sata\ahci\x64\debug\ahci.tlog\inf2cat-expand.4564.read.1.tlog
e:\louoskrnl.exe\drivers\storage\ata\sata\ahci\x64\debug\ahci.tlog\inf2cat-expand.4564.write.1.tlog
e:\louoskrnl.exe\drivers\storage\ata\sata\ahci\x64\debug\ahci.tlog\inf2cat-expand.46156.read.1.tlog
e:\louoskrnl.exe\drivers\storage\ata\sata\ahci\x64\debug\ahci.tlog\inf2cat-expand.46156.write.1.tlog
e:\louoskrnl.exe\drivers\storage\ata\sata\ahci\x64\debug\ahci.tlog\inf2cat-expand.46548.read.1.tlog
e:\louoskrnl.exe\drivers\storage\ata\sata\ahci\x64\debug\ahci.tlog\inf2cat-expand.46548.write.1.tlog
e:\louoskrnl.exe\drivers\storage\ata\sata\ahci\x64\debug\ahci.tlog\inf2cat-expand.50544.read.1.tlog
e:\louoskrnl.exe\drivers\storage\ata\sata\ahci\x64\debug\ahci.tlog\inf2cat-expand.50544.write.1.tlog
e:\louoskrnl.exe\drivers\storage\ata\sata\ahci\x64\debug\ahci.tlog\inf2cat-expand.5388.read.1.tlog
e:\louoskrnl.exe\drivers\storage\ata\sata\ahci\x64\debug\ahci.tlog\inf2cat-expand.5388.write.1.tlog
e:\louoskrnl.exe\drivers\storage\ata\sata\ahci\x64\debug\ahci.tlog\inf2cat-expand.5644.read.1.tlog
e:\louoskrnl.exe\drivers\storage\ata\sata\ahci\x64\debug\ahci.tlog\inf2cat-expand.5644.write.1.tlog
e:\louoskrnl.exe\drivers\storage\ata\sata\ahci\x64\debug\ahci.tlog\inf2cat-expand.7192.read.1.tlog
e:\louoskrnl.exe\drivers\storage\ata\sata\ahci\x64\debug\ahci.tlog\inf2cat-expand.7192.write.1.tlog
e:\louoskrnl.exe\drivers\storage\ata\sata\ahci\x64\debug\ahci.tlog\inf2cat-expand.7436.read.1.tlog
e:\louoskrnl.exe\drivers\storage\ata\sata\ahci\x64\debug\ahci.tlog\inf2cat-expand.7436.write.1.tlog
e:\louoskrnl.exe\drivers\storage\ata\sata\ahci\x64\debug\ahci.tlog\inf2cat-expand.7532.read.1.tlog
e:\louoskrnl.exe\drivers\storage\ata\sata\ahci\x64\debug\ahci.tlog\inf2cat-expand.7532.write.1.tlog
e:\louoskrnl.exe\drivers\storage\ata\sata\ahci\x64\debug\ahci.tlog\inf2cat-expand.9052.read.1.tlog
e:\louoskrnl.exe\drivers\storage\ata\sata\ahci\x64\debug\ahci.tlog\inf2cat-expand.9052.write.1.tlog
e:\louoskrnl.exe\drivers\storage\ata\sata\ahci\x64\debug\ahci.tlog\inf2cat-expand.9300.read.1.tlog
e:\louoskrnl.exe\drivers\storage\ata\sata\ahci\x64\debug\ahci.tlog\inf2cat-expand.9300.write.1.tlog
e:\louoskrnl.exe\drivers\storage\ata\sata\ahci\x64\debug\ahci.tlog\inf2cat-expand.9412.read.1.tlog
e:\louoskrnl.exe\drivers\storage\ata\sata\ahci\x64\debug\ahci.tlog\inf2cat-expand.9412.write.1.tlog
e:\louoskrnl.exe\drivers\storage\ata\sata\ahci\x64\debug\ahci.tlog\inf2cat-expand.9640.read.1.tlog
e:\louoskrnl.exe\drivers\storage\ata\sata\ahci\x64\debug\ahci.tlog\inf2cat-expand.9640.write.1.tlog
e:\louoskrnl.exe\drivers\storage\ata\sata\ahci\x64\debug\ahci.tlog\inf2cat-expand.read.1.tlog
e:\louoskrnl.exe\drivers\storage\ata\sata\ahci\x64\debug\ahci.tlog\inf2cat-expand.write.1.tlog
e:\louoskrnl.exe\drivers\storage\ata\sata\ahci\x64\debug\ahci.tlog\inf2cat.command.1.tlog
e:\louoskrnl.exe\drivers\storage\ata\sata\ahci\x64\debug\ahci.tlog\link.command.1.tlog
e:\louoskrnl.exe\drivers\storage\ata\sata\ahci\x64\debug\ahci.tlog\link.read.1.tlog
e:\louoskrnl.exe\drivers\storage\ata\sata\ahci\x64\debug\ahci.tlog\link.secondary.1.tlog
e:\louoskrnl.exe\drivers\storage\ata\sata\ahci\x64\debug\ahci.tlog\link.write.1.tlog
e:\louoskrnl.exe\drivers\storage\ata\sata\ahci\x64\debug\ahci.tlog\signtool.command.1.tlog
e:\louoskrnl.exe\drivers\storage\ata\sata\ahci\x64\debug\ahci.tlog\signtool.read.1.tlog
e:\louoskrnl.exe\drivers\storage\ata\sata\ahci\x64\debug\ahci.tlog\signtool.timestamp.1.tlog
e:\louoskrnl.exe\drivers\storage\ata\sata\ahci\x64\debug\ahci.tlog\signtool.write.1.tlog
e:\louoskrnl.exe\drivers\storage\ata\sata\ahci\x64\debug\ahci.tlog\stampinf.command.1.tlog
e:\louoskrnl.exe\drivers\storage\ata\sata\ahci\x64\debug\ahci.tlog\stampinf.read.1.tlog
e:\louoskrnl.exe\drivers\storage\ata\sata\ahci\x64\debug\ahci.tlog\stampinf.write.1.tlog
