  Building 'ahci' with toolset 'WindowsKernelModeDriver10.0' and the 'Universal' target platform.
  Stamping x64\Debug\ahci.inf
  Stamping [Version] section with DriverVer=10/06/2024,1.49.15.646
  libata.cpp
  LibAhci.cpp
  ahci.cpp
  Generating Code...
  ahci.vcxproj -> E:\LOUOSKRNL.EXE\drivers\storage\ATA\SATA\ahci\x64\Debug\ahci.sys
  Done Adding Additional Store
  Successfully signed: E:\LOUOSKRNL.EXE\drivers\storage\ATA\SATA\ahci\x64\Debug\ahci.sys
  
  Driver is 'Universal'.
  .........................
  Signability test complete.
  
  Errors:
  None
  
  Warnings:
  None
  
  Catalog generation complete.
  E:\LOUOSKRNL.EXE\drivers\storage\ATA\SATA\ahci\x64\Debug\ahci\ahci.cat
  Done Adding Additional Store
  Successfully signed: E:\LOUOSKRNL.EXE\drivers\storage\ATA\SATA\ahci\x64\Debug\ahci\ahci.cat
  
