k:\kmdf driver1\kmdf driver1\x64\debug\vc143.pdb
k:\kmdf driver1\kmdf driver1\x64\debug\queue.obj
k:\kmdf driver1\kmdf driver1\x64\debug\device.obj
k:\kmdf driver1\kmdf driver1\x64\debug\driver.obj
k:\kmdf driver1\x64\debug\kmdfdriver1.sys
k:\kmdf driver1\x64\debug\kmdfdriver1.pdb
k:\kmdf driver1\x64\debug\kmdf driver1\kmdfdriver1.cat
k:\kmdf driver1\kmdf driver1\x64\debug\kmdfdriver1.inf
k:\kmdf driver1\x64\debug\kmdfdriver1.cer
k:\kmdf driver1\x64\debug\kmdfdriver1.inf
k:\kmdf driver1\kmdf driver1\x64\debug\kmdf driver1.tlog\cl.command.1.tlog
k:\kmdf driver1\kmdf driver1\x64\debug\kmdf driver1.tlog\cl.items.tlog
k:\kmdf driver1\kmdf driver1\x64\debug\kmdf driver1.tlog\cl.read.1.tlog
k:\kmdf driver1\kmdf driver1\x64\debug\kmdf driver1.tlog\cl.write.1.tlog
k:\kmdf driver1\kmdf driver1\x64\debug\kmdf driver1.tlog\inf2cat-expand.23728.read.1.tlog
k:\kmdf driver1\kmdf driver1\x64\debug\kmdf driver1.tlog\inf2cat-expand.23728.write.1.tlog
k:\kmdf driver1\kmdf driver1\x64\debug\kmdf driver1.tlog\inf2cat-expand.28700.read.1.tlog
k:\kmdf driver1\kmdf driver1\x64\debug\kmdf driver1.tlog\inf2cat-expand.28700.write.1.tlog
k:\kmdf driver1\kmdf driver1\x64\debug\kmdf driver1.tlog\inf2cat-expand.32648.read.1.tlog
k:\kmdf driver1\kmdf driver1\x64\debug\kmdf driver1.tlog\inf2cat-expand.32648.write.1.tlog
k:\kmdf driver1\kmdf driver1\x64\debug\kmdf driver1.tlog\inf2cat-expand.35032.read.1.tlog
k:\kmdf driver1\kmdf driver1\x64\debug\kmdf driver1.tlog\inf2cat-expand.35032.write.1.tlog
k:\kmdf driver1\kmdf driver1\x64\debug\kmdf driver1.tlog\inf2cat-expand.5144.read.1.tlog
k:\kmdf driver1\kmdf driver1\x64\debug\kmdf driver1.tlog\inf2cat-expand.5144.write.1.tlog
k:\kmdf driver1\kmdf driver1\x64\debug\kmdf driver1.tlog\inf2cat-expand.read.1.tlog
k:\kmdf driver1\kmdf driver1\x64\debug\kmdf driver1.tlog\inf2cat-expand.write.1.tlog
k:\kmdf driver1\kmdf driver1\x64\debug\kmdf driver1.tlog\inf2cat.command.1.tlog
k:\kmdf driver1\kmdf driver1\x64\debug\kmdf driver1.tlog\link.command.1.tlog
k:\kmdf driver1\kmdf driver1\x64\debug\kmdf driver1.tlog\link.read.1.tlog
k:\kmdf driver1\kmdf driver1\x64\debug\kmdf driver1.tlog\link.secondary.1.tlog
k:\kmdf driver1\kmdf driver1\x64\debug\kmdf driver1.tlog\link.write.1.tlog
k:\kmdf driver1\kmdf driver1\x64\debug\kmdf driver1.tlog\signtool.command.1.tlog
k:\kmdf driver1\kmdf driver1\x64\debug\kmdf driver1.tlog\signtool.read.1.tlog
k:\kmdf driver1\kmdf driver1\x64\debug\kmdf driver1.tlog\signtool.timestamp.1.tlog
k:\kmdf driver1\kmdf driver1\x64\debug\kmdf driver1.tlog\signtool.write.1.tlog
k:\kmdf driver1\kmdf driver1\x64\debug\kmdf driver1.tlog\stampinf.command.1.tlog
k:\kmdf driver1\kmdf driver1\x64\debug\kmdf driver1.tlog\stampinf.read.1.tlog
k:\kmdf driver1\kmdf driver1\x64\debug\kmdf driver1.tlog\stampinf.write.1.tlog
k:\kmdf driver1\kmdf driver1\x64\debug\kmdf driver1.tlog\tracewpp.command.1.tlog
k:\kmdf driver1\kmdf driver1\x64\debug\kmdf driver1.tlog\tracewpp.read.1.tlog
k:\kmdf driver1\kmdf driver1\x64\debug\kmdf driver1.tlog\tracewpp.write.1.tlog
